[      18ms] TypeError: Cannot read properties of null (reading 'offsetWidth')
    at float1 (https://ggzyjy.shandong.gov.cn/:209:58)
    at <anonymous>:1:1
[      23ms] TypeError: Cannot read properties of null (reading 'offsetWidth')
    at float1 (https://ggzyjy.shandong.gov.cn/:209:58)
    at <anonymous>:1:1
[      44ms] TypeError: Cannot read properties of null (reading 'offsetWidth')
    at float1 (https://ggzyjy.shandong.gov.cn/:209:58)
    at <anonymous>:1:1
[      63ms] TypeError: Cannot read properties of null (reading 'offsetWidth')
    at float1 (https://ggzyjy.shandong.gov.cn/:209:58)
    at <anonymous>:1:1
[      82ms] TypeError: Cannot read properties of null (reading 'offsetWidth')
    at float1 (https://ggzyjy.shandong.gov.cn/:209:58)
    at <anonymous>:1:1
[     103ms] TypeError: Cannot read properties of null (reading 'offsetWidth')
    at float1 (https://ggzyjy.shandong.gov.cn/:209:58)
    at <anonymous>:1:1
[     123ms] TypeError: Cannot read properties of null (reading 'offsetWidth')
    at float1 (https://ggzyjy.shandong.gov.cn/:209:58)
    at <anonymous>:1:1
[     144ms] TypeError: Cannot read properties of null (reading 'offsetWidth')
    at float1 (https://ggzyjy.shandong.gov.cn/:209:58)
    at <anonymous>:1:1
[     162ms] TypeError: Cannot read properties of null (reading 'offsetWidth')
    at float1 (https://ggzyjy.shandong.gov.cn/:209:58)
    at <anonymous>:1:1
[     182ms] TypeError: Cannot read properties of null (reading 'offsetWidth')
    at float1 (https://ggzyjy.shandong.gov.cn/:209:58)
    at <anonymous>:1:1
[     201ms] TypeError: Cannot read properties of null (reading 'offsetWidth')
    at float1 (https://ggzyjy.shandong.gov.cn/:209:58)
    at <anonymous>:1:1
[     223ms] TypeError: Cannot read properties of null (reading 'offsetWidth')
    at float1 (https://ggzyjy.shandong.gov.cn/:209:58)
    at <anonymous>:1:1
[     247ms] [ERROR] Mixed Content: The page at 'https://ggzyjy.shandong.gov.cn/queryContent-jyxxgs.jspx?channelId=78' was loaded over HTTPS, but requested an insecure script 'http://wthrcdn.etouch.cn/weather_mini?city=%E6%B5%8E%E5%8D%97&callback=jQuery111307558698308224039_1774350159911&_=1774350159912'. This request has been blocked; the content must be served over HTTPS. @ https://ggzyjy.shandong.gov.cn/r/cms/com.sdggzyjy.www/com.sdggzyjy.www/js/jquery.min.js:4
[   14537ms] [ERROR] Mixed Content: The page at 'https://ggzyjy.shandong.gov.cn/queryContent-jyxxgs.jspx' was loaded over HTTPS, but requested an insecure script 'http://wthrcdn.etouch.cn/weather_mini?city=%E6%B5%8E%E5%8D%97&callback=jQuery111307648613406828403_1774350174202&_=1774350174203'. This request has been blocked; the content must be served over HTTPS. @ https://ggzyjy.shandong.gov.cn/r/cms/com.sdggzyjy.www/com.sdggzyjy.www/js/jquery.min.js:4
