[      19ms] TypeError: Cannot read properties of null (reading 'offsetWidth')
    at float1 (https://ggzyjy.shandong.gov.cn/:209:58)
    at <anonymous>:1:1
[      26ms] TypeError: Cannot read properties of null (reading 'offsetWidth')
    at float1 (https://ggzyjy.shandong.gov.cn/:209:58)
    at <anonymous>:1:1
[      45ms] TypeError: Cannot read properties of null (reading 'offsetWidth')
    at float1 (https://ggzyjy.shandong.gov.cn/:209:58)
    at <anonymous>:1:1
[      65ms] TypeError: Cannot read properties of null (reading 'offsetWidth')
    at float1 (https://ggzyjy.shandong.gov.cn/:209:58)
    at <anonymous>:1:1
[      85ms] TypeError: Cannot read properties of null (reading 'offsetWidth')
    at float1 (https://ggzyjy.shandong.gov.cn/:209:58)
    at <anonymous>:1:1
[     104ms] TypeError: Cannot read properties of null (reading 'offsetWidth')
    at float1 (https://ggzyjy.shandong.gov.cn/:209:58)
    at <anonymous>:1:1
[     127ms] TypeError: Cannot read properties of null (reading 'offsetWidth')
    at float1 (https://ggzyjy.shandong.gov.cn/:209:58)
    at <anonymous>:1:1
[     145ms] TypeError: Cannot read properties of null (reading 'offsetWidth')
    at float1 (https://ggzyjy.shandong.gov.cn/:209:58)
    at <anonymous>:1:1
[     167ms] TypeError: Cannot read properties of null (reading 'offsetWidth')
    at float1 (https://ggzyjy.shandong.gov.cn/:209:58)
    at <anonymous>:1:1
[     184ms] TypeError: Cannot read properties of null (reading 'offsetWidth')
    at float1 (https://ggzyjy.shandong.gov.cn/:209:58)
    at <anonymous>:1:1
[     206ms] TypeError: Cannot read properties of null (reading 'offsetWidth')
    at float1 (https://ggzyjy.shandong.gov.cn/:209:58)
    at <anonymous>:1:1
[     225ms] TypeError: Cannot read properties of null (reading 'offsetWidth')
    at float1 (https://ggzyjy.shandong.gov.cn/:209:58)
    at <anonymous>:1:1
[     245ms] TypeError: Cannot read properties of null (reading 'offsetWidth')
    at float1 (https://ggzyjy.shandong.gov.cn/:209:58)
    at <anonymous>:1:1
[     264ms] TypeError: Cannot read properties of null (reading 'offsetWidth')
    at float1 (https://ggzyjy.shandong.gov.cn/:209:58)
    at <anonymous>:1:1
[     286ms] TypeError: Cannot read properties of null (reading 'offsetWidth')
    at float1 (https://ggzyjy.shandong.gov.cn/:209:58)
    at <anonymous>:1:1
[     306ms] TypeError: Cannot read properties of null (reading 'offsetWidth')
    at float1 (https://ggzyjy.shandong.gov.cn/:209:58)
    at <anonymous>:1:1
[     325ms] TypeError: Cannot read properties of null (reading 'offsetWidth')
    at float1 (https://ggzyjy.shandong.gov.cn/:209:58)
    at <anonymous>:1:1
[     344ms] TypeError: Cannot read properties of null (reading 'offsetWidth')
    at float1 (https://ggzyjy.shandong.gov.cn/:209:58)
    at <anonymous>:1:1
[     366ms] TypeError: Cannot read properties of null (reading 'offsetWidth')
    at float1 (https://ggzyjy.shandong.gov.cn/:209:58)
    at <anonymous>:1:1
[     385ms] TypeError: Cannot read properties of null (reading 'offsetWidth')
    at float1 (https://ggzyjy.shandong.gov.cn/:209:58)
    at <anonymous>:1:1
[     405ms] TypeError: Cannot read properties of null (reading 'offsetWidth')
    at float1 (https://ggzyjy.shandong.gov.cn/:209:58)
    at <anonymous>:1:1
[     425ms] TypeError: Cannot read properties of null (reading 'offsetWidth')
    at float1 (https://ggzyjy.shandong.gov.cn/:209:58)
    at <anonymous>:1:1
[     445ms] TypeError: Cannot read properties of null (reading 'offsetWidth')
    at float1 (https://ggzyjy.shandong.gov.cn/:209:58)
    at <anonymous>:1:1
[     467ms] TypeError: Cannot read properties of null (reading 'offsetWidth')
    at float1 (https://ggzyjy.shandong.gov.cn/:209:58)
    at <anonymous>:1:1
[     486ms] TypeError: Cannot read properties of null (reading 'offsetWidth')
    at float1 (https://ggzyjy.shandong.gov.cn/:209:58)
    at <anonymous>:1:1
[     506ms] TypeError: Cannot read properties of null (reading 'offsetWidth')
    at float1 (https://ggzyjy.shandong.gov.cn/:209:58)
    at <anonymous>:1:1
[     527ms] TypeError: Cannot read properties of null (reading 'offsetWidth')
    at float1 (https://ggzyjy.shandong.gov.cn/:209:58)
    at <anonymous>:1:1
[     545ms] TypeError: Cannot read properties of null (reading 'offsetWidth')
    at float1 (https://ggzyjy.shandong.gov.cn/:209:58)
    at <anonymous>:1:1
[     566ms] TypeError: Cannot read properties of null (reading 'offsetWidth')
    at float1 (https://ggzyjy.shandong.gov.cn/:209:58)
    at <anonymous>:1:1
[     586ms] TypeError: Cannot read properties of null (reading 'offsetWidth')
    at float1 (https://ggzyjy.shandong.gov.cn/:209:58)
    at <anonymous>:1:1
[     606ms] TypeError: Cannot read properties of null (reading 'offsetWidth')
    at float1 (https://ggzyjy.shandong.gov.cn/:209:58)
    at <anonymous>:1:1
[     627ms] TypeError: Cannot read properties of null (reading 'offsetWidth')
    at float1 (https://ggzyjy.shandong.gov.cn/:209:58)
    at <anonymous>:1:1
[     646ms] TypeError: Cannot read properties of null (reading 'offsetWidth')
    at float1 (https://ggzyjy.shandong.gov.cn/:209:58)
    at <anonymous>:1:1
[     665ms] TypeError: Cannot read properties of null (reading 'offsetWidth')
    at float1 (https://ggzyjy.shandong.gov.cn/:209:58)
    at <anonymous>:1:1
[     685ms] TypeError: Cannot read properties of null (reading 'offsetWidth')
    at float1 (https://ggzyjy.shandong.gov.cn/:209:58)
    at <anonymous>:1:1
[     706ms] TypeError: Cannot read properties of null (reading 'offsetWidth')
    at float1 (https://ggzyjy.shandong.gov.cn/:209:58)
    at <anonymous>:1:1
[     727ms] TypeError: Cannot read properties of null (reading 'offsetWidth')
    at float1 (https://ggzyjy.shandong.gov.cn/:209:58)
    at <anonymous>:1:1
[     745ms] TypeError: Cannot read properties of null (reading 'offsetWidth')
    at float1 (https://ggzyjy.shandong.gov.cn/:209:58)
    at <anonymous>:1:1
[     766ms] TypeError: Cannot read properties of null (reading 'offsetWidth')
    at float1 (https://ggzyjy.shandong.gov.cn/:209:58)
    at <anonymous>:1:1
[     786ms] TypeError: Cannot read properties of null (reading 'offsetWidth')
    at float1 (https://ggzyjy.shandong.gov.cn/:209:58)
    at <anonymous>:1:1
[     805ms] TypeError: Cannot read properties of null (reading 'offsetWidth')
    at float1 (https://ggzyjy.shandong.gov.cn/:209:58)
    at <anonymous>:1:1
[     827ms] TypeError: Cannot read properties of null (reading 'offsetWidth')
    at float1 (https://ggzyjy.shandong.gov.cn/:209:58)
    at <anonymous>:1:1
[     846ms] TypeError: Cannot read properties of null (reading 'offsetWidth')
    at float1 (https://ggzyjy.shandong.gov.cn/:209:58)
    at <anonymous>:1:1
[     866ms] TypeError: Cannot read properties of null (reading 'offsetWidth')
    at float1 (https://ggzyjy.shandong.gov.cn/:209:58)
    at <anonymous>:1:1
[     885ms] TypeError: Cannot read properties of null (reading 'offsetWidth')
    at float1 (https://ggzyjy.shandong.gov.cn/:209:58)
    at <anonymous>:1:1
[     906ms] TypeError: Cannot read properties of null (reading 'offsetWidth')
    at float1 (https://ggzyjy.shandong.gov.cn/:209:58)
    at <anonymous>:1:1
[     925ms] TypeError: Cannot read properties of null (reading 'offsetWidth')
    at float1 (https://ggzyjy.shandong.gov.cn/:209:58)
    at <anonymous>:1:1
[     946ms] TypeError: Cannot read properties of null (reading 'offsetWidth')
    at float1 (https://ggzyjy.shandong.gov.cn/:209:58)
    at <anonymous>:1:1
[     966ms] TypeError: Cannot read properties of null (reading 'offsetWidth')
    at float1 (https://ggzyjy.shandong.gov.cn/:209:58)
    at <anonymous>:1:1
[     985ms] TypeError: Cannot read properties of null (reading 'offsetWidth')
    at float1 (https://ggzyjy.shandong.gov.cn/:209:58)
    at <anonymous>:1:1
[    1006ms] TypeError: Cannot read properties of null (reading 'offsetWidth')
    at float1 (https://ggzyjy.shandong.gov.cn/:209:58)
    at <anonymous>:1:1
[    1025ms] TypeError: Cannot read properties of null (reading 'offsetWidth')
    at float1 (https://ggzyjy.shandong.gov.cn/:209:58)
    at <anonymous>:1:1
[    1045ms] TypeError: Cannot read properties of null (reading 'offsetWidth')
    at float1 (https://ggzyjy.shandong.gov.cn/:209:58)
    at <anonymous>:1:1
[    1065ms] TypeError: Cannot read properties of null (reading 'offsetWidth')
    at float1 (https://ggzyjy.shandong.gov.cn/:209:58)
    at <anonymous>:1:1
[    1084ms] TypeError: Cannot read properties of null (reading 'offsetWidth')
    at float1 (https://ggzyjy.shandong.gov.cn/:209:58)
    at <anonymous>:1:1
[    1104ms] TypeError: Cannot read properties of null (reading 'offsetWidth')
    at float1 (https://ggzyjy.shandong.gov.cn/:209:58)
    at <anonymous>:1:1
[    1133ms] TypeError: Cannot read properties of null (reading 'offsetWidth')
    at float1 (https://ggzyjy.shandong.gov.cn/:209:58)
    at <anonymous>:1:1
[    1146ms] TypeError: Cannot read properties of null (reading 'offsetWidth')
    at float1 (https://ggzyjy.shandong.gov.cn/:209:58)
    at <anonymous>:1:1
[    1165ms] TypeError: Cannot read properties of null (reading 'offsetWidth')
    at float1 (https://ggzyjy.shandong.gov.cn/:209:58)
    at <anonymous>:1:1
[    1186ms] TypeError: Cannot read properties of null (reading 'offsetWidth')
    at float1 (https://ggzyjy.shandong.gov.cn/:209:58)
    at <anonymous>:1:1
[    1206ms] TypeError: Cannot read properties of null (reading 'offsetWidth')
    at float1 (https://ggzyjy.shandong.gov.cn/:209:58)
    at <anonymous>:1:1
[    1224ms] TypeError: Cannot read properties of null (reading 'offsetWidth')
    at float1 (https://ggzyjy.shandong.gov.cn/:209:58)
    at <anonymous>:1:1
[    1245ms] TypeError: Cannot read properties of null (reading 'offsetWidth')
    at float1 (https://ggzyjy.shandong.gov.cn/:209:58)
    at <anonymous>:1:1
[    1266ms] TypeError: Cannot read properties of null (reading 'offsetWidth')
    at float1 (https://ggzyjy.shandong.gov.cn/:209:58)
    at <anonymous>:1:1
[    1285ms] TypeError: Cannot read properties of null (reading 'offsetWidth')
    at float1 (https://ggzyjy.shandong.gov.cn/:209:58)
    at <anonymous>:1:1
[    1306ms] TypeError: Cannot read properties of null (reading 'offsetWidth')
    at float1 (https://ggzyjy.shandong.gov.cn/:209:58)
    at <anonymous>:1:1
[    1327ms] TypeError: Cannot read properties of null (reading 'offsetWidth')
    at float1 (https://ggzyjy.shandong.gov.cn/:209:58)
    at <anonymous>:1:1
[    1346ms] TypeError: Cannot read properties of null (reading 'offsetWidth')
    at float1 (https://ggzyjy.shandong.gov.cn/:209:58)
    at <anonymous>:1:1
[    1366ms] TypeError: Cannot read properties of null (reading 'offsetWidth')
    at float1 (https://ggzyjy.shandong.gov.cn/:209:58)
    at <anonymous>:1:1
[    1385ms] TypeError: Cannot read properties of null (reading 'offsetWidth')
    at float1 (https://ggzyjy.shandong.gov.cn/:209:58)
    at <anonymous>:1:1
[    1409ms] TypeError: Cannot read properties of null (reading 'offsetWidth')
    at float1 (https://ggzyjy.shandong.gov.cn/:209:58)
    at <anonymous>:1:1
[    1425ms] TypeError: Cannot read properties of null (reading 'offsetWidth')
    at float1 (https://ggzyjy.shandong.gov.cn/:209:58)
    at <anonymous>:1:1
[    1445ms] TypeError: Cannot read properties of null (reading 'offsetWidth')
    at float1 (https://ggzyjy.shandong.gov.cn/:209:58)
    at <anonymous>:1:1
[    1466ms] TypeError: Cannot read properties of null (reading 'offsetWidth')
    at float1 (https://ggzyjy.shandong.gov.cn/:209:58)
    at <anonymous>:1:1
[    1487ms] TypeError: Cannot read properties of null (reading 'offsetWidth')
    at float1 (https://ggzyjy.shandong.gov.cn/:209:58)
    at <anonymous>:1:1
[    1505ms] TypeError: Cannot read properties of null (reading 'offsetWidth')
    at float1 (https://ggzyjy.shandong.gov.cn/:209:58)
    at <anonymous>:1:1
[    1528ms] TypeError: Cannot read properties of null (reading 'offsetWidth')
    at float1 (https://ggzyjy.shandong.gov.cn/:209:58)
    at <anonymous>:1:1
[    1544ms] TypeError: Cannot read properties of null (reading 'offsetWidth')
    at float1 (https://ggzyjy.shandong.gov.cn/:209:58)
    at <anonymous>:1:1
[    1566ms] TypeError: Cannot read properties of null (reading 'offsetWidth')
    at float1 (https://ggzyjy.shandong.gov.cn/:209:58)
    at <anonymous>:1:1
[    1599ms] TypeError: Cannot read properties of null (reading 'offsetWidth')
    at float1 (https://ggzyjy.shandong.gov.cn/:209:58)
    at <anonymous>:1:1
[    1604ms] TypeError: Cannot read properties of null (reading 'offsetWidth')
    at float1 (https://ggzyjy.shandong.gov.cn/:209:58)
    at <anonymous>:1:1
[    1625ms] TypeError: Cannot read properties of null (reading 'offsetWidth')
    at float1 (https://ggzyjy.shandong.gov.cn/:209:58)
    at <anonymous>:1:1
[    1645ms] TypeError: Cannot read properties of null (reading 'offsetWidth')
    at float1 (https://ggzyjy.shandong.gov.cn/:209:58)
    at <anonymous>:1:1
[    1671ms] TypeError: Cannot read properties of null (reading 'offsetWidth')
    at float1 (https://ggzyjy.shandong.gov.cn/:209:58)
    at <anonymous>:1:1
[    1685ms] TypeError: Cannot read properties of null (reading 'offsetWidth')
    at float1 (https://ggzyjy.shandong.gov.cn/:209:58)
    at <anonymous>:1:1
[    1705ms] TypeError: Cannot read properties of null (reading 'offsetWidth')
    at float1 (https://ggzyjy.shandong.gov.cn/:209:58)
    at <anonymous>:1:1
[    1725ms] TypeError: Cannot read properties of null (reading 'offsetWidth')
    at float1 (https://ggzyjy.shandong.gov.cn/:209:58)
    at <anonymous>:1:1
[    1745ms] TypeError: Cannot read properties of null (reading 'offsetWidth')
    at float1 (https://ggzyjy.shandong.gov.cn/:209:58)
    at <anonymous>:1:1
[    1765ms] TypeError: Cannot read properties of null (reading 'offsetWidth')
    at float1 (https://ggzyjy.shandong.gov.cn/:209:58)
    at <anonymous>:1:1
[    1784ms] TypeError: Cannot read properties of null (reading 'offsetWidth')
    at float1 (https://ggzyjy.shandong.gov.cn/:209:58)
    at <anonymous>:1:1
[    1804ms] TypeError: Cannot read properties of null (reading 'offsetWidth')
    at float1 (https://ggzyjy.shandong.gov.cn/:209:58)
    at <anonymous>:1:1
[    1826ms] TypeError: Cannot read properties of null (reading 'offsetWidth')
    at float1 (https://ggzyjy.shandong.gov.cn/:209:58)
    at <anonymous>:1:1
[    1846ms] TypeError: Cannot read properties of null (reading 'offsetWidth')
    at float1 (https://ggzyjy.shandong.gov.cn/:209:58)
    at <anonymous>:1:1
[    1868ms] TypeError: Cannot read properties of null (reading 'offsetWidth')
    at float1 (https://ggzyjy.shandong.gov.cn/:209:58)
    at <anonymous>:1:1
[    1887ms] TypeError: Cannot read properties of null (reading 'offsetWidth')
    at float1 (https://ggzyjy.shandong.gov.cn/:209:58)
    at <anonymous>:1:1
[    1906ms] TypeError: Cannot read properties of null (reading 'offsetWidth')
    at float1 (https://ggzyjy.shandong.gov.cn/:209:58)
    at <anonymous>:1:1
[    1926ms] TypeError: Cannot read properties of null (reading 'offsetWidth')
    at float1 (https://ggzyjy.shandong.gov.cn/:209:58)
    at <anonymous>:1:1
[    1946ms] TypeError: Cannot read properties of null (reading 'offsetWidth')
    at float1 (https://ggzyjy.shandong.gov.cn/:209:58)
    at <anonymous>:1:1
[    1968ms] TypeError: Cannot read properties of null (reading 'offsetWidth')
    at float1 (https://ggzyjy.shandong.gov.cn/:209:58)
    at <anonymous>:1:1
[    1986ms] TypeError: Cannot read properties of null (reading 'offsetWidth')
    at float1 (https://ggzyjy.shandong.gov.cn/:209:58)
    at <anonymous>:1:1
[    2006ms] TypeError: Cannot read properties of null (reading 'offsetWidth')
    at float1 (https://ggzyjy.shandong.gov.cn/:209:58)
    at <anonymous>:1:1
[    2034ms] TypeError: Cannot read properties of null (reading 'offsetWidth')
    at float1 (https://ggzyjy.shandong.gov.cn/:209:58)
    at <anonymous>:1:1
[    2046ms] TypeError: Cannot read properties of null (reading 'offsetWidth')
    at float1 (https://ggzyjy.shandong.gov.cn/:209:58)
    at <anonymous>:1:1
[    2065ms] TypeError: Cannot read properties of null (reading 'offsetWidth')
    at float1 (https://ggzyjy.shandong.gov.cn/:209:58)
    at <anonymous>:1:1
[    2086ms] TypeError: Cannot read properties of null (reading 'offsetWidth')
    at float1 (https://ggzyjy.shandong.gov.cn/:209:58)
    at <anonymous>:1:1
[    2105ms] TypeError: Cannot read properties of null (reading 'offsetWidth')
    at float1 (https://ggzyjy.shandong.gov.cn/:209:58)
    at <anonymous>:1:1
[    2127ms] TypeError: Cannot read properties of null (reading 'offsetWidth')
    at float1 (https://ggzyjy.shandong.gov.cn/:209:58)
    at <anonymous>:1:1
[    2145ms] TypeError: Cannot read properties of null (reading 'offsetWidth')
    at float1 (https://ggzyjy.shandong.gov.cn/:209:58)
    at <anonymous>:1:1
[    2165ms] TypeError: Cannot read properties of null (reading 'offsetWidth')
    at float1 (https://ggzyjy.shandong.gov.cn/:209:58)
    at <anonymous>:1:1
[    2186ms] TypeError: Cannot read properties of null (reading 'offsetWidth')
    at float1 (https://ggzyjy.shandong.gov.cn/:209:58)
    at <anonymous>:1:1
[    2205ms] TypeError: Cannot read properties of null (reading 'offsetWidth')
    at float1 (https://ggzyjy.shandong.gov.cn/:209:58)
    at <anonymous>:1:1
[    2227ms] TypeError: Cannot read properties of null (reading 'offsetWidth')
    at float1 (https://ggzyjy.shandong.gov.cn/:209:58)
    at <anonymous>:1:1
[    2245ms] TypeError: Cannot read properties of null (reading 'offsetWidth')
    at float1 (https://ggzyjy.shandong.gov.cn/:209:58)
    at <anonymous>:1:1
[    2266ms] TypeError: Cannot read properties of null (reading 'offsetWidth')
    at float1 (https://ggzyjy.shandong.gov.cn/:209:58)
    at <anonymous>:1:1
[    2285ms] TypeError: Cannot read properties of null (reading 'offsetWidth')
    at float1 (https://ggzyjy.shandong.gov.cn/:209:58)
    at <anonymous>:1:1
[    2305ms] TypeError: Cannot read properties of null (reading 'offsetWidth')
    at float1 (https://ggzyjy.shandong.gov.cn/:209:58)
    at <anonymous>:1:1
[    2327ms] TypeError: Cannot read properties of null (reading 'offsetWidth')
    at float1 (https://ggzyjy.shandong.gov.cn/:209:58)
    at <anonymous>:1:1
[    2345ms] TypeError: Cannot read properties of null (reading 'offsetWidth')
    at float1 (https://ggzyjy.shandong.gov.cn/:209:58)
    at <anonymous>:1:1
[    2367ms] TypeError: Cannot read properties of null (reading 'offsetWidth')
    at float1 (https://ggzyjy.shandong.gov.cn/:209:58)
    at <anonymous>:1:1
[    2385ms] TypeError: Cannot read properties of null (reading 'offsetWidth')
    at float1 (https://ggzyjy.shandong.gov.cn/:209:58)
    at <anonymous>:1:1
[    2407ms] TypeError: Cannot read properties of null (reading 'offsetWidth')
    at float1 (https://ggzyjy.shandong.gov.cn/:209:58)
    at <anonymous>:1:1
[    2434ms] TypeError: Cannot read properties of null (reading 'offsetWidth')
    at float1 (https://ggzyjy.shandong.gov.cn/:209:58)
    at <anonymous>:1:1
[    2447ms] TypeError: Cannot read properties of null (reading 'offsetWidth')
    at float1 (https://ggzyjy.shandong.gov.cn/:209:58)
    at <anonymous>:1:1
[    2469ms] TypeError: Cannot read properties of null (reading 'offsetWidth')
    at float1 (https://ggzyjy.shandong.gov.cn/:209:58)
    at <anonymous>:1:1
[    2485ms] TypeError: Cannot read properties of null (reading 'offsetWidth')
    at float1 (https://ggzyjy.shandong.gov.cn/:209:58)
    at <anonymous>:1:1
[    2504ms] TypeError: Cannot read properties of null (reading 'offsetWidth')
    at float1 (https://ggzyjy.shandong.gov.cn/:209:58)
    at <anonymous>:1:1
[    2527ms] TypeError: Cannot read properties of null (reading 'offsetWidth')
    at float1 (https://ggzyjy.shandong.gov.cn/:209:58)
    at <anonymous>:1:1
[    2546ms] TypeError: Cannot read properties of null (reading 'offsetWidth')
    at float1 (https://ggzyjy.shandong.gov.cn/:209:58)
    at <anonymous>:1:1
[    2566ms] TypeError: Cannot read properties of null (reading 'offsetWidth')
    at float1 (https://ggzyjy.shandong.gov.cn/:209:58)
    at <anonymous>:1:1
[    2585ms] TypeError: Cannot read properties of null (reading 'offsetWidth')
    at float1 (https://ggzyjy.shandong.gov.cn/:209:58)
    at <anonymous>:1:1
[    2606ms] TypeError: Cannot read properties of null (reading 'offsetWidth')
    at float1 (https://ggzyjy.shandong.gov.cn/:209:58)
    at <anonymous>:1:1
[    2627ms] TypeError: Cannot read properties of null (reading 'offsetWidth')
    at float1 (https://ggzyjy.shandong.gov.cn/:209:58)
    at <anonymous>:1:1
[    2646ms] TypeError: Cannot read properties of null (reading 'offsetWidth')
    at float1 (https://ggzyjy.shandong.gov.cn/:209:58)
    at <anonymous>:1:1
[    2665ms] TypeError: Cannot read properties of null (reading 'offsetWidth')
    at float1 (https://ggzyjy.shandong.gov.cn/:209:58)
    at <anonymous>:1:1
[    2686ms] TypeError: Cannot read properties of null (reading 'offsetWidth')
    at float1 (https://ggzyjy.shandong.gov.cn/:209:58)
    at <anonymous>:1:1
[    2706ms] TypeError: Cannot read properties of null (reading 'offsetWidth')
    at float1 (https://ggzyjy.shandong.gov.cn/:209:58)
    at <anonymous>:1:1
[    2724ms] TypeError: Cannot read properties of null (reading 'offsetWidth')
    at float1 (https://ggzyjy.shandong.gov.cn/:209:58)
    at <anonymous>:1:1
[    2745ms] TypeError: Cannot read properties of null (reading 'offsetWidth')
    at float1 (https://ggzyjy.shandong.gov.cn/:209:58)
    at <anonymous>:1:1
[    2766ms] TypeError: Cannot read properties of null (reading 'offsetWidth')
    at float1 (https://ggzyjy.shandong.gov.cn/:209:58)
    at <anonymous>:1:1
[    2785ms] TypeError: Cannot read properties of null (reading 'offsetWidth')
    at float1 (https://ggzyjy.shandong.gov.cn/:209:58)
    at <anonymous>:1:1
[    2806ms] TypeError: Cannot read properties of null (reading 'offsetWidth')
    at float1 (https://ggzyjy.shandong.gov.cn/:209:58)
    at <anonymous>:1:1
[    2827ms] TypeError: Cannot read properties of null (reading 'offsetWidth')
    at float1 (https://ggzyjy.shandong.gov.cn/:209:58)
    at <anonymous>:1:1
[    2846ms] TypeError: Cannot read properties of null (reading 'offsetWidth')
    at float1 (https://ggzyjy.shandong.gov.cn/:209:58)
    at <anonymous>:1:1
[    2867ms] TypeError: Cannot read properties of null (reading 'offsetWidth')
    at float1 (https://ggzyjy.shandong.gov.cn/:209:58)
    at <anonymous>:1:1
[    2885ms] TypeError: Cannot read properties of null (reading 'offsetWidth')
    at float1 (https://ggzyjy.shandong.gov.cn/:209:58)
    at <anonymous>:1:1
[    2905ms] TypeError: Cannot read properties of null (reading 'offsetWidth')
    at float1 (https://ggzyjy.shandong.gov.cn/:209:58)
    at <anonymous>:1:1
[    2925ms] TypeError: Cannot read properties of null (reading 'offsetWidth')
    at float1 (https://ggzyjy.shandong.gov.cn/:209:58)
    at <anonymous>:1:1
[    2946ms] TypeError: Cannot read properties of null (reading 'offsetWidth')
    at float1 (https://ggzyjy.shandong.gov.cn/:209:58)
    at <anonymous>:1:1
[    2971ms] TypeError: Cannot read properties of null (reading 'offsetWidth')
    at float1 (https://ggzyjy.shandong.gov.cn/:209:58)
    at <anonymous>:1:1
[    2985ms] TypeError: Cannot read properties of null (reading 'offsetWidth')
    at float1 (https://ggzyjy.shandong.gov.cn/:209:58)
    at <anonymous>:1:1
[    3004ms] TypeError: Cannot read properties of null (reading 'offsetWidth')
    at float1 (https://ggzyjy.shandong.gov.cn/:209:58)
    at <anonymous>:1:1
[    3035ms] TypeError: Cannot read properties of null (reading 'offsetWidth')
    at float1 (https://ggzyjy.shandong.gov.cn/:209:58)
    at <anonymous>:1:1
[    3045ms] TypeError: Cannot read properties of null (reading 'offsetWidth')
    at float1 (https://ggzyjy.shandong.gov.cn/:209:58)
    at <anonymous>:1:1
[    3066ms] TypeError: Cannot read properties of null (reading 'offsetWidth')
    at float1 (https://ggzyjy.shandong.gov.cn/:209:58)
    at <anonymous>:1:1
[    3085ms] TypeError: Cannot read properties of null (reading 'offsetWidth')
    at float1 (https://ggzyjy.shandong.gov.cn/:209:58)
    at <anonymous>:1:1
[    3104ms] TypeError: Cannot read properties of null (reading 'offsetWidth')
    at float1 (https://ggzyjy.shandong.gov.cn/:209:58)
    at <anonymous>:1:1
[    3127ms] TypeError: Cannot read properties of null (reading 'offsetWidth')
    at float1 (https://ggzyjy.shandong.gov.cn/:209:58)
    at <anonymous>:1:1
[    3145ms] TypeError: Cannot read properties of null (reading 'offsetWidth')
    at float1 (https://ggzyjy.shandong.gov.cn/:209:58)
    at <anonymous>:1:1
[    3165ms] TypeError: Cannot read properties of null (reading 'offsetWidth')
    at float1 (https://ggzyjy.shandong.gov.cn/:209:58)
    at <anonymous>:1:1
[    3186ms] TypeError: Cannot read properties of null (reading 'offsetWidth')
    at float1 (https://ggzyjy.shandong.gov.cn/:209:58)
    at <anonymous>:1:1
[    3207ms] TypeError: Cannot read properties of null (reading 'offsetWidth')
    at float1 (https://ggzyjy.shandong.gov.cn/:209:58)
    at <anonymous>:1:1
[    3226ms] TypeError: Cannot read properties of null (reading 'offsetWidth')
    at float1 (https://ggzyjy.shandong.gov.cn/:209:58)
    at <anonymous>:1:1
[    3246ms] TypeError: Cannot read properties of null (reading 'offsetWidth')
    at float1 (https://ggzyjy.shandong.gov.cn/:209:58)
    at <anonymous>:1:1
[    3267ms] TypeError: Cannot read properties of null (reading 'offsetWidth')
    at float1 (https://ggzyjy.shandong.gov.cn/:209:58)
    at <anonymous>:1:1
[    3285ms] TypeError: Cannot read properties of null (reading 'offsetWidth')
    at float1 (https://ggzyjy.shandong.gov.cn/:209:58)
    at <anonymous>:1:1
[    3306ms] TypeError: Cannot read properties of null (reading 'offsetWidth')
    at float1 (https://ggzyjy.shandong.gov.cn/:209:58)
    at <anonymous>:1:1
[    3327ms] TypeError: Cannot read properties of null (reading 'offsetWidth')
    at float1 (https://ggzyjy.shandong.gov.cn/:209:58)
    at <anonymous>:1:1
[    3345ms] TypeError: Cannot read properties of null (reading 'offsetWidth')
    at float1 (https://ggzyjy.shandong.gov.cn/:209:58)
    at <anonymous>:1:1
[    3366ms] TypeError: Cannot read properties of null (reading 'offsetWidth')
    at float1 (https://ggzyjy.shandong.gov.cn/:209:58)
    at <anonymous>:1:1
[    3385ms] TypeError: Cannot read properties of null (reading 'offsetWidth')
    at float1 (https://ggzyjy.shandong.gov.cn/:209:58)
    at <anonymous>:1:1
[    3406ms] TypeError: Cannot read properties of null (reading 'offsetWidth')
    at float1 (https://ggzyjy.shandong.gov.cn/:209:58)
    at <anonymous>:1:1
[    3427ms] TypeError: Cannot read properties of null (reading 'offsetWidth')
    at float1 (https://ggzyjy.shandong.gov.cn/:209:58)
    at <anonymous>:1:1
[    3446ms] TypeError: Cannot read properties of null (reading 'offsetWidth')
    at float1 (https://ggzyjy.shandong.gov.cn/:209:58)
    at <anonymous>:1:1
[    3465ms] TypeError: Cannot read properties of null (reading 'offsetWidth')
    at float1 (https://ggzyjy.shandong.gov.cn/:209:58)
    at <anonymous>:1:1
[    3485ms] TypeError: Cannot read properties of null (reading 'offsetWidth')
    at float1 (https://ggzyjy.shandong.gov.cn/:209:58)
    at <anonymous>:1:1
[    3505ms] TypeError: Cannot read properties of null (reading 'offsetWidth')
    at float1 (https://ggzyjy.shandong.gov.cn/:209:58)
    at <anonymous>:1:1
[    3525ms] TypeError: Cannot read properties of null (reading 'offsetWidth')
    at float1 (https://ggzyjy.shandong.gov.cn/:209:58)
    at <anonymous>:1:1
[    3546ms] TypeError: Cannot read properties of null (reading 'offsetWidth')
    at float1 (https://ggzyjy.shandong.gov.cn/:209:58)
    at <anonymous>:1:1
[    3566ms] TypeError: Cannot read properties of null (reading 'offsetWidth')
    at float1 (https://ggzyjy.shandong.gov.cn/:209:58)
    at <anonymous>:1:1
[    3585ms] TypeError: Cannot read properties of null (reading 'offsetWidth')
    at float1 (https://ggzyjy.shandong.gov.cn/:209:58)
    at <anonymous>:1:1
[    3605ms] TypeError: Cannot read properties of null (reading 'offsetWidth')
    at float1 (https://ggzyjy.shandong.gov.cn/:209:58)
    at <anonymous>:1:1
[    3629ms] TypeError: Cannot read properties of null (reading 'offsetWidth')
    at float1 (https://ggzyjy.shandong.gov.cn/:209:58)
    at <anonymous>:1:1
[    3646ms] TypeError: Cannot read properties of null (reading 'offsetWidth')
    at float1 (https://ggzyjy.shandong.gov.cn/:209:58)
    at <anonymous>:1:1
[    3667ms] TypeError: Cannot read properties of null (reading 'offsetWidth')
    at float1 (https://ggzyjy.shandong.gov.cn/:209:58)
    at <anonymous>:1:1
[    3686ms] TypeError: Cannot read properties of null (reading 'offsetWidth')
    at float1 (https://ggzyjy.shandong.gov.cn/:209:58)
    at <anonymous>:1:1
[    3705ms] TypeError: Cannot read properties of null (reading 'offsetWidth')
    at float1 (https://ggzyjy.shandong.gov.cn/:209:58)
    at <anonymous>:1:1
[    3732ms] TypeError: Cannot read properties of null (reading 'offsetWidth')
    at float1 (https://ggzyjy.shandong.gov.cn/:209:58)
    at <anonymous>:1:1
[    3746ms] TypeError: Cannot read properties of null (reading 'offsetWidth')
    at float1 (https://ggzyjy.shandong.gov.cn/:209:58)
    at <anonymous>:1:1
[    3765ms] TypeError: Cannot read properties of null (reading 'offsetWidth')
    at float1 (https://ggzyjy.shandong.gov.cn/:209:58)
    at <anonymous>:1:1
[    3786ms] TypeError: Cannot read properties of null (reading 'offsetWidth')
    at float1 (https://ggzyjy.shandong.gov.cn/:209:58)
    at <anonymous>:1:1
[    3806ms] TypeError: Cannot read properties of null (reading 'offsetWidth')
    at float1 (https://ggzyjy.shandong.gov.cn/:209:58)
    at <anonymous>:1:1
[    3825ms] TypeError: Cannot read properties of null (reading 'offsetWidth')
    at float1 (https://ggzyjy.shandong.gov.cn/:209:58)
    at <anonymous>:1:1
[    3846ms] TypeError: Cannot read properties of null (reading 'offsetWidth')
    at float1 (https://ggzyjy.shandong.gov.cn/:209:58)
    at <anonymous>:1:1
[    3866ms] TypeError: Cannot read properties of null (reading 'offsetWidth')
    at float1 (https://ggzyjy.shandong.gov.cn/:209:58)
    at <anonymous>:1:1
[    3886ms] TypeError: Cannot read properties of null (reading 'offsetWidth')
    at float1 (https://ggzyjy.shandong.gov.cn/:209:58)
    at <anonymous>:1:1
[    3906ms] TypeError: Cannot read properties of null (reading 'offsetWidth')
    at float1 (https://ggzyjy.shandong.gov.cn/:209:58)
    at <anonymous>:1:1
[    3927ms] TypeError: Cannot read properties of null (reading 'offsetWidth')
    at float1 (https://ggzyjy.shandong.gov.cn/:209:58)
    at <anonymous>:1:1
[    3947ms] TypeError: Cannot read properties of null (reading 'offsetWidth')
    at float1 (https://ggzyjy.shandong.gov.cn/:209:58)
    at <anonymous>:1:1
[    3967ms] TypeError: Cannot read properties of null (reading 'offsetWidth')
    at float1 (https://ggzyjy.shandong.gov.cn/:209:58)
    at <anonymous>:1:1
[    3986ms] TypeError: Cannot read properties of null (reading 'offsetWidth')
    at float1 (https://ggzyjy.shandong.gov.cn/:209:58)
    at <anonymous>:1:1
[    4005ms] TypeError: Cannot read properties of null (reading 'offsetWidth')
    at float1 (https://ggzyjy.shandong.gov.cn/:209:58)
    at <anonymous>:1:1
[    4025ms] TypeError: Cannot read properties of null (reading 'offsetWidth')
    at float1 (https://ggzyjy.shandong.gov.cn/:209:58)
    at <anonymous>:1:1
[    4046ms] TypeError: Cannot read properties of null (reading 'offsetWidth')
    at float1 (https://ggzyjy.shandong.gov.cn/:209:58)
    at <anonymous>:1:1
[    4066ms] TypeError: Cannot read properties of null (reading 'offsetWidth')
    at float1 (https://ggzyjy.shandong.gov.cn/:209:58)
    at <anonymous>:1:1
