[2026-03-24 18:51:55] 开始采集 济南市...
[2026-03-24 18:56:35] 济南市 采集完成
[2026-03-24 18:56:35] 开始采集 青岛市...
[2026-03-24 19:01:35] 青岛市 采集完成
[2026-03-24 19:01:35] 开始采集 淄博市...
[2026-03-24 19:07:31] 淄博市 采集完成
[2026-03-24 19:07:31] 开始采集 枣庄市...
[2026-03-24 19:12:08] 枣庄市 采集完成
[2026-03-24 19:12:08] 开始采集 东营市...
[2026-03-24 19:16:12] 东营市 采集完成
[2026-03-24 19:16:12] 开始采集 烟台市...
[2026-03-24 19:19:18] 烟台市 采集完成
[2026-03-24 19:19:18] 开始采集 潍坊市...
[2026-03-24 19:22:52] 潍坊市 采集完成
[2026-03-24 19:22:52] 开始采集 济宁市...
[2026-03-24 19:26:02] 济宁市 采集完成
[2026-03-24 19:26:02] 开始采集 泰安市...
[2026-03-24 19:29:28] 泰安市 采集完成
[2026-03-24 19:29:28] 开始采集 威海市...
[2026-03-24 19:33:56] 威海市 采集完成
[2026-03-24 19:33:56] 开始采集 日照市...
[2026-03-24 19:39:59] 日照市 采集完成
[2026-03-24 19:39:59] 开始采集 临沂市...
[2026-03-24 19:46:09] 临沂市 采集完成
[2026-03-24 19:46:09] 开始采集 德州市...
[2026-03-24 19:51:46] 德州市 采集完成
[2026-03-24 19:51:46] 开始采集 聊城市...
[2026-03-24 19:58:40] 聊城市 采集完成
[2026-03-24 19:58:40] 开始采集 滨州市...
[2026-03-24 20:03:08] 滨州市 采集完成
[2026-03-24 20:03:08] 开始采集 菏泽市...
[2026-03-24 20:07:17] 菏泽市 采集完成
